[log]
type = 0
time = 2010-10-13 21:50:36.798
host = http://localhost:8091/ProductList.aspx
description = System.Exception: 无记录select top 30 * from (select top 1 * from T_Product where  F_ProClassID in(123,125,126,128,127,124,0) And F_IsProvider=0 order by ProID asc)  order by ProID desc
   在 Eisp.DAL.EispProDAL.GetListPageNoByClassID(Int32 number, Int32 pagesize, String classid, Int32 provider) 位置 E:\个人\电子商务\企业网站\代码\eisp_dao\EispProDAL.cs:行号 323
   在 Eisp.BLL.EispProBLL.GetListPageNoByClassIDByLang(Int32 lang, Int32 number, Int32 pagesize, Int32 classid, Int32 provider) 位置 E:\个人\电子商务\企业网站\代码\eisp_biz\EispProBLL.cs:行号 137
   在 Eisp.Web.ProductList.ProTopBind(Int32 number, Int32 pagesize, Int32 classid, Int32 recordcount) 位置 E:\个人\电子商务\企业网站\代码\eisp_web\ProductList.aspx.cs:行号 105
   在 Eisp.Web.ProductList.Page_Load(Object sender, EventArgs e) 位置 E:\个人\电子商务\企业网站\代码\eisp_web\ProductList.aspx.cs:行号 64
   在 System.Web.Util.CalliHelper.EventArgFunctionCaller(IntPtr fp, Object o, Object t, EventArgs e)
   在 System.Web.Util.CalliEventHandlerDelegateProxy.Callback(Object sender, EventArgs e)
   在 System.Web.UI.Control.OnLoad(EventArgs e)
   在 Eisp.Common.CommonPage.OnLoad(EventArgs e) 位置 E:\个人\电子商务\企业网站\代码\eisp_common\CommonPage.cs:行号 74
resource = 
method = GET
postdata = didn't record
cookie = CKFinder_Path=Files%3A%2F%3A0; ASP.NET_SessionId=rfmuszrzlvwvvayb4wfjhneo; CheckCode=068NH; Colo=sessionname=admin&pass=7fef6171469e80d32c0559f88b377245&au=0
ip = 127.0.0.1
agent = Mozilla/5.0 (Windows; U; Windows NT 5.2; zh-CN; rv:1.9.2.3) Gecko/20100401 Firefox/3.6.3 (.NET CLR 3.5.30729) QQDownload/1.7

[log]
type = 0
time = 2010-10-13 21:55:28.626
host = http://localhost:8091/ProductList.aspx
description = System.Exception: 无记录select top 30 * from (select top 1 * from T_Product where  F_ProClassID in(123,125,126,128,127,124,0) And F_IsProvider=false order by ProID asc)  order by ProID desc
   在 Eisp.DAL.EispProDAL.GetListPageNoByClassID(Int32 number, Int32 pagesize, String classid, Int32 provider) 位置 E:\个人\电子商务\企业网站\代码\eisp_dao\EispProDAL.cs:行号 325
   在 Eisp.BLL.EispProBLL.GetListPageNoByClassIDByLang(Int32 lang, Int32 number, Int32 pagesize, Int32 classid, Int32 provider) 位置 E:\个人\电子商务\企业网站\代码\eisp_biz\EispProBLL.cs:行号 137
   在 Eisp.Web.ProductList.ProTopBind(Int32 number, Int32 pagesize, Int32 classid, Int32 recordcount) 位置 E:\个人\电子商务\企业网站\代码\eisp_web\ProductList.aspx.cs:行号 105
   在 Eisp.Web.ProductList.Page_Load(Object sender, EventArgs e) 位置 E:\个人\电子商务\企业网站\代码\eisp_web\ProductList.aspx.cs:行号 64
   在 System.Web.Util.CalliHelper.EventArgFunctionCaller(IntPtr fp, Object o, Object t, EventArgs e)
   在 System.Web.Util.CalliEventHandlerDelegateProxy.Callback(Object sender, EventArgs e)
   在 System.Web.UI.Control.OnLoad(EventArgs e)
   在 Eisp.Common.CommonPage.OnLoad(EventArgs e) 位置 E:\个人\电子商务\企业网站\代码\eisp_common\CommonPage.cs:行号 74
resource = 
method = GET
postdata = didn't record
cookie = CKFinder_Path=Files%3A%2F%3A0; ASP.NET_SessionId=rfmuszrzlvwvvayb4wfjhneo; CheckCode=068NH; Colo=sessionname=admin&pass=7fef6171469e80d32c0559f88b377245&au=0
ip = 127.0.0.1
agent = Mozilla/5.0 (Windows; U; Windows NT 5.2; zh-CN; rv:1.9.2.3) Gecko/20100401 Firefox/3.6.3 (.NET CLR 3.5.30729) QQDownload/1.7

[log]
type = 0
time = 2010-10-13 22:00:56.220
host = http://localhost:8091/ProductList.aspx
description = System.Exception: 无记录select top 30 * from (select top 1 * from T_Product where  F_ProClassID in(123,125,126,128,127,124,0) And F_IsProvider=false order by ProID asc)  order by ProID desc
   在 Eisp.DAL.EispProDAL.GetListPageNoByClassID(Int32 number, Int32 pagesize, String classid, Int32 provider) 位置 E:\个人\电子商务\企业网站\代码\eisp_dao\EispProDAL.cs:行号 325
   在 Eisp.BLL.EispProBLL.GetListPageNoByClassIDByLang(Int32 lang, Int32 number, Int32 pagesize, Int32 classid, Int32 provider) 位置 E:\个人\电子商务\企业网站\代码\eisp_biz\EispProBLL.cs:行号 137
   在 Eisp.Web.ProductList.ProTopBind(Int32 number, Int32 pagesize, Int32 classid, Int32 recordcount) 位置 E:\个人\电子商务\企业网站\代码\eisp_web\ProductList.aspx.cs:行号 105
   在 Eisp.Web.ProductList.Page_Load(Object sender, EventArgs e) 位置 E:\个人\电子商务\企业网站\代码\eisp_web\ProductList.aspx.cs:行号 64
   在 System.Web.Util.CalliHelper.EventArgFunctionCaller(IntPtr fp, Object o, Object t, EventArgs e)
   在 System.Web.Util.CalliEventHandlerDelegateProxy.Callback(Object sender, EventArgs e)
   在 System.Web.UI.Control.OnLoad(EventArgs e)
   在 Eisp.Common.CommonPage.OnLoad(EventArgs e) 位置 E:\个人\电子商务\企业网站\代码\eisp_common\CommonPage.cs:行号 74
resource = 
method = GET
postdata = didn't record
cookie = CKFinder_Path=Files%3A%2F%3A0; ASP.NET_SessionId=rfmuszrzlvwvvayb4wfjhneo; CheckCode=068NH; Colo=sessionname=admin&pass=7fef6171469e80d32c0559f88b377245&au=0
ip = 127.0.0.1
agent = Mozilla/5.0 (Windows; U; Windows NT 5.2; zh-CN; rv:1.9.2.3) Gecko/20100401 Firefox/3.6.3 (.NET CLR 3.5.30729) QQDownload/1.7

[log]
type = 0
time = 2010-10-13 22:03:32.485
host = http://localhost:8091/ProductList.aspx
description = System.Exception: 无记录select top 30 * from (select top 1 * from T_Product where  F_ProClassID in(123,125,126,128,127,124,0) And F_IsProvider=false order by ProID asc)  order by ProID desc
   在 Eisp.DAL.EispProDAL.GetListPageNoByClassID(Int32 number, Int32 pagesize, String classid, Int32 provider) 位置 E:\个人\电子商务\企业网站\代码\eisp_dao\EispProDAL.cs:行号 326
   在 Eisp.BLL.EispProBLL.GetListPageNoByClassIDByLang(Int32 lang, Int32 number, Int32 pagesize, Int32 classid, Int32 provider) 位置 E:\个人\电子商务\企业网站\代码\eisp_biz\EispProBLL.cs:行号 137
   在 Eisp.Web.ProductList.ProTopBind(Int32 number, Int32 pagesize, Int32 classid, Int32 recordcount) 位置 E:\个人\电子商务\企业网站\代码\eisp_web\ProductList.aspx.cs:行号 105
   在 Eisp.Web.ProductList.Page_Load(Object sender, EventArgs e) 位置 E:\个人\电子商务\企业网站\代码\eisp_web\ProductList.aspx.cs:行号 64
   在 System.Web.Util.CalliHelper.EventArgFunctionCaller(IntPtr fp, Object o, Object t, EventArgs e)
   在 System.Web.Util.CalliEventHandlerDelegateProxy.Callback(Object sender, EventArgs e)
   在 System.Web.UI.Control.OnLoad(EventArgs e)
   在 Eisp.Common.CommonPage.OnLoad(EventArgs e) 位置 E:\个人\电子商务\企业网站\代码\eisp_common\CommonPage.cs:行号 74
resource = 
method = GET
postdata = didn't record
cookie = CKFinder_Path=Files%3A%2F%3A0; ASP.NET_SessionId=rfmuszrzlvwvvayb4wfjhneo; CheckCode=068NH; Colo=sessionname=admin&pass=7fef6171469e80d32c0559f88b377245&au=0
ip = 127.0.0.1
agent = Mozilla/5.0 (Windows; U; Windows NT 5.2; zh-CN; rv:1.9.2.3) Gecko/20100401 Firefox/3.6.3 (.NET CLR 3.5.30729) QQDownload/1.7

[log]
type = 0
time = 2010-10-13 22:08:34.829
host = http://localhost:8091/OrderList.aspx
description = System.Exception: 无记录select count(1) from T_Product where F_ProClassID in(123,125,126,128,127,124,00) And F_IsProvider=1
   在 Eisp.DAL.EispProDAL.GetRecordCountByClassid(String classid, Int32 provider) 位置 E:\个人\电子商务\企业网站\代码\eisp_dao\EispProDAL.cs:行号 382
   在 Eisp.BLL.EispProBLL.GetRecordCountByClassidByLang(Int32 lang, Int32 classid, Int32 provider) 位置 E:\个人\电子商务\企业网站\代码\eisp_biz\EispProBLL.cs:行号 162
   在 Eisp.Web.OrderList.Page_Load(Object sender, EventArgs e) 位置 E:\个人\电子商务\企业网站\代码\eisp_web\OrderList.aspx.cs:行号 46
   在 System.Web.Util.CalliHelper.EventArgFunctionCaller(IntPtr fp, Object o, Object t, EventArgs e)
   在 System.Web.Util.CalliEventHandlerDelegateProxy.Callback(Object sender, EventArgs e)
   在 System.Web.UI.Control.OnLoad(EventArgs e)
   在 Eisp.Common.CommonPage.OnLoad(EventArgs e) 位置 E:\个人\电子商务\企业网站\代码\eisp_common\CommonPage.cs:行号 74
resource = 
method = GET
postdata = didn't record
cookie = CKFinder_Path=Files%3A%2F%3A0; ASP.NET_SessionId=rfmuszrzlvwvvayb4wfjhneo; CheckCode=068NH; Colo=sessionname=admin&pass=7fef6171469e80d32c0559f88b377245&au=0
ip = 127.0.0.1
agent = Mozilla/5.0 (Windows; U; Windows NT 5.2; zh-CN; rv:1.9.2.3) Gecko/20100401 Firefox/3.6.3 (.NET CLR 3.5.30729) QQDownload/1.7

[log]
type = 0
time = 2010-10-13 22:09:29.782
host = http://localhost:8091/OrderList.aspx
description = System.Exception: 无记录select count(1) from T_Product where F_ProClassID in(123,125,126,128,127,124,00) And F_IsProvider=true
   在 Eisp.DAL.EispProDAL.GetRecordCountByClassid(String classid, Int32 provider) 位置 E:\个人\电子商务\企业网站\代码\eisp_dao\EispProDAL.cs:行号 385
   在 Eisp.BLL.EispProBLL.GetRecordCountByClassidByLang(Int32 lang, Int32 classid, Int32 provider) 位置 E:\个人\电子商务\企业网站\代码\eisp_biz\EispProBLL.cs:行号 162
   在 Eisp.Web.OrderList.Page_Load(Object sender, EventArgs e) 位置 E:\个人\电子商务\企业网站\代码\eisp_web\OrderList.aspx.cs:行号 46
   在 System.Web.Util.CalliHelper.EventArgFunctionCaller(IntPtr fp, Object o, Object t, EventArgs e)
   在 System.Web.Util.CalliEventHandlerDelegateProxy.Callback(Object sender, EventArgs e)
   在 System.Web.UI.Control.OnLoad(EventArgs e)
   在 Eisp.Common.CommonPage.OnLoad(EventArgs e) 位置 E:\个人\电子商务\企业网站\代码\eisp_common\CommonPage.cs:行号 74
resource = 
method = GET
postdata = didn't record
cookie = CKFinder_Path=Files%3A%2F%3A0; ASP.NET_SessionId=rfmuszrzlvwvvayb4wfjhneo; CheckCode=068NH; Colo=sessionname=admin&pass=7fef6171469e80d32c0559f88b377245&au=0
ip = 127.0.0.1
agent = Mozilla/5.0 (Windows; U; Windows NT 5.2; zh-CN; rv:1.9.2.3) Gecko/20100401 Firefox/3.6.3 (.NET CLR 3.5.30729) QQDownload/1.7

[log]
type = 0
time = 2010-10-13 22:10:00.157
host = http://localhost:8091/OrderList.aspx
description = System.Exception: 无记录select top 30 * from (select top 2 * from T_Product where  F_ProClassID in(123,125,126,128,127,124,0) And F_IsProvider=true order by ProID asc)  order by ProID desc
   在 Eisp.DAL.EispProDAL.GetListPageNoByClassID(Int32 number, Int32 pagesize, String classid, Int32 provider) 位置 E:\个人\电子商务\企业网站\代码\eisp_dao\EispProDAL.cs:行号 326
   在 Eisp.BLL.EispProBLL.GetListPageNoByClassIDByLang(Int32 lang, Int32 number, Int32 pagesize, Int32 classid, Int32 provider) 位置 E:\个人\电子商务\企业网站\代码\eisp_biz\EispProBLL.cs:行号 137
   在 Eisp.Web.OrderList.ProTopBind(Int32 number, Int32 pagesize, Int32 classid, Int32 recordcount) 位置 E:\个人\电子商务\企业网站\代码\eisp_web\OrderList.aspx.cs:行号 102
   在 Eisp.Web.OrderList.Page_Load(Object sender, EventArgs e) 位置 E:\个人\电子商务\企业网站\代码\eisp_web\OrderList.aspx.cs:行号 64
   在 System.Web.Util.CalliHelper.EventArgFunctionCaller(IntPtr fp, Object o, Object t, EventArgs e)
   在 System.Web.Util.CalliEventHandlerDelegateProxy.Callback(Object sender, EventArgs e)
   在 System.Web.UI.Control.OnLoad(EventArgs e)
   在 Eisp.Common.CommonPage.OnLoad(EventArgs e) 位置 E:\个人\电子商务\企业网站\代码\eisp_common\CommonPage.cs:行号 74
resource = 
method = GET
postdata = didn't record
cookie = CKFinder_Path=Files%3A%2F%3A0; ASP.NET_SessionId=rfmuszrzlvwvvayb4wfjhneo; CheckCode=068NH; Colo=sessionname=admin&pass=7fef6171469e80d32c0559f88b377245&au=0
ip = 127.0.0.1
agent = Mozilla/5.0 (Windows; U; Windows NT 5.2; zh-CN; rv:1.9.2.3) Gecko/20100401 Firefox/3.6.3 (.NET CLR 3.5.30729) QQDownload/1.7

