[log]
type = 0
time = 2010-09-10 18:53:34.046
host = http://localhost:8091/Admin/about/about.aspx?id=1
description = System.TypeLoadException: 未能从程序集“Eisp.Entity, Version=1.0.0.0, Culture=neutral, PublicKeyToken=null”中加载类型“Eisp.Entity.SysInfoModel”。
   在 Eisp.Web.Admin.About.About.SysInfoBind(String id)
   在 Eisp.Web.Admin.About.About.Page_Load(Object sender, EventArgs e) 位置 E:\个人\电子商务\企业网站\代码\eisp_web\Admin\About\About.aspx.cs:行号 21
   在 System.Web.Util.CalliHelper.EventArgFunctionCaller(IntPtr fp, Object o, Object t, EventArgs e)
   在 System.Web.Util.CalliEventHandlerDelegateProxy.Callback(Object sender, EventArgs e)
   在 System.Web.UI.Control.OnLoad(EventArgs e)
   在 Eisp.Common.CommonPage.OnLoad(EventArgs e) 位置 E:\个人\电子商务\企业网站\代码\eisp_common\CommonPage.cs:行号 67
resource = 
method = GET
postdata = didn't record
cookie = ASP.NET_SessionId=hk5njh45dhu44s55ghvomtu3; CheckCode=BJTP2; Colo=sessionname=admin&pass=7fef6171469e80d32c0559f88b377245&au=0; CKFinder_Path=Images%3A%2F%3A0
ip = 127.0.0.1
agent = Mozilla/4.0 (compatible; MSIE 8.0; Windows NT 5.2; Trident/4.0; MathPlayer 2.10d; QQDownload 661; .NET CLR 1.1.4322; .NET CLR 3.0.04506.648; .NET CLR 3.5.21022; InfoPath.2; .NET CLR 3.0.4506.2152; .NET CLR 3.5.30729; .NET CLR 2.0.50727)

[log]
type = 0
time = 2010-09-10 18:53:34.046
host = http://localhost:8091/Admin/about/about.aspx?id=1
description = System.TypeLoadException: 未能从程序集“Eisp.Entity, Version=1.0.0.0, Culture=neutral, PublicKeyToken=null”中加载类型“Eisp.Entity.SysInfoModel”。
   在 Eisp.Web.Admin.About.About.SysInfoBind(String id)
   在 Eisp.Web.Admin.About.About.Page_Load(Object sender, EventArgs e) 位置 E:\个人\电子商务\企业网站\代码\eisp_web\Admin\About\About.aspx.cs:行号 21
   在 System.Web.Util.CalliHelper.EventArgFunctionCaller(IntPtr fp, Object o, Object t, EventArgs e)
   在 System.Web.Util.CalliEventHandlerDelegateProxy.Callback(Object sender, EventArgs e)
   在 System.Web.UI.Control.OnLoad(EventArgs e)
   在 Eisp.Common.CommonPage.OnLoad(EventArgs e) 位置 E:\个人\电子商务\企业网站\代码\eisp_common\CommonPage.cs:行号 67
resource = 
method = GET
postdata = didn't record
cookie = ASP.NET_SessionId=hk5njh45dhu44s55ghvomtu3; CheckCode=BJTP2; Colo=sessionname=admin&pass=7fef6171469e80d32c0559f88b377245&au=0; CKFinder_Path=Images%3A%2F%3A0
ip = 127.0.0.1
agent = Mozilla/4.0 (compatible; MSIE 8.0; Windows NT 5.2; Trident/4.0; MathPlayer 2.10d; QQDownload 661; .NET CLR 1.1.4322; .NET CLR 3.0.04506.648; .NET CLR 3.5.21022; InfoPath.2; .NET CLR 3.0.4506.2152; .NET CLR 3.5.30729; .NET CLR 2.0.50727)

[log]
type = 0
time = 2010-09-10 18:53:35.921
host = http://localhost:8091/Admin/about/about.aspx?id=2
description = System.TypeLoadException: 未能从程序集“Eisp.Entity, Version=1.0.0.0, Culture=neutral, PublicKeyToken=null”中加载类型“Eisp.Entity.SysInfoModel”。
   在 Eisp.Web.Admin.About.About.SysInfoBind(String id)
   在 Eisp.Web.Admin.About.About.Page_Load(Object sender, EventArgs e) 位置 E:\个人\电子商务\企业网站\代码\eisp_web\Admin\About\About.aspx.cs:行号 21
   在 System.Web.Util.CalliHelper.EventArgFunctionCaller(IntPtr fp, Object o, Object t, EventArgs e)
   在 System.Web.Util.CalliEventHandlerDelegateProxy.Callback(Object sender, EventArgs e)
   在 System.Web.UI.Control.OnLoad(EventArgs e)
   在 Eisp.Common.CommonPage.OnLoad(EventArgs e) 位置 E:\个人\电子商务\企业网站\代码\eisp_common\CommonPage.cs:行号 67
resource = 
method = GET
postdata = didn't record
cookie = ASP.NET_SessionId=hk5njh45dhu44s55ghvomtu3; CheckCode=BJTP2; Colo=sessionname=admin&pass=7fef6171469e80d32c0559f88b377245&au=0; CKFinder_Path=Images%3A%2F%3A0
ip = 127.0.0.1
agent = Mozilla/4.0 (compatible; MSIE 8.0; Windows NT 5.2; Trident/4.0; MathPlayer 2.10d; QQDownload 661; .NET CLR 1.1.4322; .NET CLR 3.0.04506.648; .NET CLR 3.5.21022; InfoPath.2; .NET CLR 3.0.4506.2152; .NET CLR 3.5.30729; .NET CLR 2.0.50727)

[log]
type = 0
time = 2010-09-10 18:53:37.968
host = http://localhost:8091/Admin/about/about.aspx?id=1
description = System.TypeLoadException: 未能从程序集“Eisp.Entity, Version=1.0.0.0, Culture=neutral, PublicKeyToken=null”中加载类型“Eisp.Entity.SysInfoModel”。
   在 Eisp.Web.Admin.About.About.SysInfoBind(String id)
   在 Eisp.Web.Admin.About.About.Page_Load(Object sender, EventArgs e) 位置 E:\个人\电子商务\企业网站\代码\eisp_web\Admin\About\About.aspx.cs:行号 21
   在 System.Web.Util.CalliHelper.EventArgFunctionCaller(IntPtr fp, Object o, Object t, EventArgs e)
   在 System.Web.Util.CalliEventHandlerDelegateProxy.Callback(Object sender, EventArgs e)
   在 System.Web.UI.Control.OnLoad(EventArgs e)
   在 Eisp.Common.CommonPage.OnLoad(EventArgs e) 位置 E:\个人\电子商务\企业网站\代码\eisp_common\CommonPage.cs:行号 67
resource = 
method = GET
postdata = didn't record
cookie = ASP.NET_SessionId=hk5njh45dhu44s55ghvomtu3; CheckCode=BJTP2; Colo=sessionname=admin&pass=7fef6171469e80d32c0559f88b377245&au=0; CKFinder_Path=Images%3A%2F%3A0
ip = 127.0.0.1
agent = Mozilla/4.0 (compatible; MSIE 8.0; Windows NT 5.2; Trident/4.0; MathPlayer 2.10d; QQDownload 661; .NET CLR 1.1.4322; .NET CLR 3.0.04506.648; .NET CLR 3.5.21022; InfoPath.2; .NET CLR 3.0.4506.2152; .NET CLR 3.5.30729; .NET CLR 2.0.50727)

[log]
type = 0
time = 2010-09-10 18:53:40.125
host = http://localhost:8091/Admin/about/about.aspx?id=1
description = System.TypeLoadException: 未能从程序集“Eisp.Entity, Version=1.0.0.0, Culture=neutral, PublicKeyToken=null”中加载类型“Eisp.Entity.SysInfoModel”。
   在 Eisp.Web.Admin.About.About.SysInfoBind(String id)
   在 Eisp.Web.Admin.About.About.Page_Load(Object sender, EventArgs e) 位置 E:\个人\电子商务\企业网站\代码\eisp_web\Admin\About\About.aspx.cs:行号 21
   在 System.Web.Util.CalliHelper.EventArgFunctionCaller(IntPtr fp, Object o, Object t, EventArgs e)
   在 System.Web.Util.CalliEventHandlerDelegateProxy.Callback(Object sender, EventArgs e)
   在 System.Web.UI.Control.OnLoad(EventArgs e)
   在 Eisp.Common.CommonPage.OnLoad(EventArgs e) 位置 E:\个人\电子商务\企业网站\代码\eisp_common\CommonPage.cs:行号 67
resource = 
method = GET
postdata = didn't record
cookie = ASP.NET_SessionId=hk5njh45dhu44s55ghvomtu3; CheckCode=BJTP2; Colo=sessionname=admin&pass=7fef6171469e80d32c0559f88b377245&au=0; CKFinder_Path=Images%3A%2F%3A0
ip = 127.0.0.1
agent = Mozilla/4.0 (compatible; MSIE 8.0; Windows NT 5.2; Trident/4.0; MathPlayer 2.10d; QQDownload 661; .NET CLR 1.1.4322; .NET CLR 3.0.04506.648; .NET CLR 3.5.21022; InfoPath.2; .NET CLR 3.0.4506.2152; .NET CLR 3.5.30729; .NET CLR 2.0.50727)

[log]
type = 0
time = 2010-09-10 18:53:47.671
host = http://localhost:8091/Admin/about/about.aspx?id=1
description = System.TypeLoadException: 未能从程序集“Eisp.Entity, Version=1.0.0.0, Culture=neutral, PublicKeyToken=null”中加载类型“Eisp.Entity.SysInfoModel”。
   在 Eisp.Web.Admin.About.About.SysInfoBind(String id)
   在 Eisp.Web.Admin.About.About.Page_Load(Object sender, EventArgs e) 位置 E:\个人\电子商务\企业网站\代码\eisp_web\Admin\About\About.aspx.cs:行号 21
   在 System.Web.Util.CalliHelper.EventArgFunctionCaller(IntPtr fp, Object o, Object t, EventArgs e)
   在 System.Web.Util.CalliEventHandlerDelegateProxy.Callback(Object sender, EventArgs e)
   在 System.Web.UI.Control.OnLoad(EventArgs e)
   在 Eisp.Common.CommonPage.OnLoad(EventArgs e) 位置 E:\个人\电子商务\企业网站\代码\eisp_common\CommonPage.cs:行号 67
resource = 
method = GET
postdata = didn't record
cookie = ASP.NET_SessionId=hk5njh45dhu44s55ghvomtu3; CheckCode=BJTP2; Colo=sessionname=admin&pass=7fef6171469e80d32c0559f88b377245&au=0; CKFinder_Path=Images%3A%2F%3A0
ip = 127.0.0.1
agent = Mozilla/4.0 (compatible; MSIE 8.0; Windows NT 5.2; Trident/4.0; MathPlayer 2.10d; QQDownload 661; .NET CLR 1.1.4322; .NET CLR 3.0.04506.648; .NET CLR 3.5.21022; InfoPath.2; .NET CLR 3.0.4506.2152; .NET CLR 3.5.30729; .NET CLR 2.0.50727)

[log]
type = 0
time = 2010-09-10 18:53:48.640
host = http://localhost:8091/Admin/about/about.aspx?id=1
description = System.TypeLoadException: 未能从程序集“Eisp.Entity, Version=1.0.0.0, Culture=neutral, PublicKeyToken=null”中加载类型“Eisp.Entity.SysInfoModel”。
   在 Eisp.Web.Admin.About.About.SysInfoBind(String id)
   在 Eisp.Web.Admin.About.About.Page_Load(Object sender, EventArgs e) 位置 E:\个人\电子商务\企业网站\代码\eisp_web\Admin\About\About.aspx.cs:行号 21
   在 System.Web.Util.CalliHelper.EventArgFunctionCaller(IntPtr fp, Object o, Object t, EventArgs e)
   在 System.Web.Util.CalliEventHandlerDelegateProxy.Callback(Object sender, EventArgs e)
   在 System.Web.UI.Control.OnLoad(EventArgs e)
   在 Eisp.Common.CommonPage.OnLoad(EventArgs e) 位置 E:\个人\电子商务\企业网站\代码\eisp_common\CommonPage.cs:行号 67
resource = 
method = GET
postdata = didn't record
cookie = ASP.NET_SessionId=hk5njh45dhu44s55ghvomtu3; CheckCode=BJTP2; Colo=sessionname=admin&pass=7fef6171469e80d32c0559f88b377245&au=0; CKFinder_Path=Images%3A%2F%3A0
ip = 127.0.0.1
agent = Mozilla/4.0 (compatible; MSIE 8.0; Windows NT 5.2; Trident/4.0; MathPlayer 2.10d; QQDownload 661; .NET CLR 1.1.4322; .NET CLR 3.0.04506.648; .NET CLR 3.5.21022; InfoPath.2; .NET CLR 3.0.4506.2152; .NET CLR 3.5.30729; .NET CLR 2.0.50727)

[log]
type = 0
time = 2010-09-10 18:53:52.562
host = http://localhost:8091/Admin/about/about.aspx?id=1
description = System.TypeLoadException: 未能从程序集“Eisp.Entity, Version=1.0.0.0, Culture=neutral, PublicKeyToken=null”中加载类型“Eisp.Entity.SysInfoModel”。
   在 Eisp.Web.Admin.About.About.SysInfoBind(String id)
   在 Eisp.Web.Admin.About.About.Page_Load(Object sender, EventArgs e) 位置 E:\个人\电子商务\企业网站\代码\eisp_web\Admin\About\About.aspx.cs:行号 21
   在 System.Web.Util.CalliHelper.EventArgFunctionCaller(IntPtr fp, Object o, Object t, EventArgs e)
   在 System.Web.Util.CalliEventHandlerDelegateProxy.Callback(Object sender, EventArgs e)
   在 System.Web.UI.Control.OnLoad(EventArgs e)
   在 Eisp.Common.CommonPage.OnLoad(EventArgs e) 位置 E:\个人\电子商务\企业网站\代码\eisp_common\CommonPage.cs:行号 67
resource = 
method = GET
postdata = didn't record
cookie = ASP.NET_SessionId=hk5njh45dhu44s55ghvomtu3; CheckCode=BJTP2; Colo=sessionname=admin&pass=7fef6171469e80d32c0559f88b377245&au=0; CKFinder_Path=Images%3A%2F%3A0
ip = 127.0.0.1
agent = Mozilla/4.0 (compatible; MSIE 8.0; Windows NT 5.2; Trident/4.0; MathPlayer 2.10d; QQDownload 661; .NET CLR 1.1.4322; .NET CLR 3.0.04506.648; .NET CLR 3.5.21022; InfoPath.2; .NET CLR 3.0.4506.2152; .NET CLR 3.5.30729; .NET CLR 2.0.50727)

