[log]
type = 0
time = 2010-09-11 14:14:50.479
host = http://localhost:8091/Admin/LeftFrame.aspx?lang=2
description = System.NullReferenceException: 未将对象引用设置到对象的实例。
   在 Eisp.Web.Admin.LeftFrame.Page_Load(Object sender, EventArgs e) 位置 E:\个人\电子商务\企业网站\代码\eisp_web\Admin\LeftFrame.aspx.cs:行号 19
   在 System.Web.Util.CalliHelper.EventArgFunctionCaller(IntPtr fp, Object o, Object t, EventArgs e)
   在 System.Web.Util.CalliEventHandlerDelegateProxy.Callback(Object sender, EventArgs e)
   在 System.Web.UI.Control.OnLoad(EventArgs e)
   在 Eisp.Common.CommonPage.OnLoad(EventArgs e) 位置 E:\个人\电子商务\企业网站\代码\eisp_common\CommonPage.cs:行号 67
resource = 
method = GET
postdata = didn't record
cookie = ASP.NET_SessionId=hk5njh45dhu44s55ghvomtu3; CheckCode=B8804; Colo=sessionname=admin&pass=7fef6171469e80d32c0559f88b377245&au=0; CKFinder_Path=Images%3A%2F%3A0
ip = 127.0.0.1
agent = Mozilla/4.0 (compatible; MSIE 8.0; Windows NT 5.2; Trident/4.0; MathPlayer 2.10d; QQDownload 661; .NET CLR 1.1.4322; .NET CLR 3.0.04506.648; .NET CLR 3.5.21022; InfoPath.2; .NET CLR 3.0.4506.2152; .NET CLR 3.5.30729; .NET CLR 2.0.50727)

[log]
type = 0
time = 2010-09-11 14:19:50.604
host = http://localhost:8091/Admin/LeftFrame.aspx?lang=2
description = System.NullReferenceException: 未将对象引用设置到对象的实例。
   在 Eisp.Web.Admin.LeftFrame.Page_Load(Object sender, EventArgs e) 位置 E:\个人\电子商务\企业网站\代码\eisp_web\Admin\LeftFrame.aspx.cs:行号 19
   在 System.Web.Util.CalliHelper.EventArgFunctionCaller(IntPtr fp, Object o, Object t, EventArgs e)
   在 System.Web.Util.CalliEventHandlerDelegateProxy.Callback(Object sender, EventArgs e)
   在 System.Web.UI.Control.OnLoad(EventArgs e)
   在 Eisp.Common.CommonPage.OnLoad(EventArgs e) 位置 E:\个人\电子商务\企业网站\代码\eisp_common\CommonPage.cs:行号 67
resource = 
method = GET
postdata = didn't record
cookie = ASP.NET_SessionId=hk5njh45dhu44s55ghvomtu3; CheckCode=B8804; Colo=sessionname=admin&pass=7fef6171469e80d32c0559f88b377245&au=0; CKFinder_Path=Images%3A%2F%3A0
ip = 127.0.0.1
agent = Mozilla/4.0 (compatible; MSIE 8.0; Windows NT 5.2; Trident/4.0; MathPlayer 2.10d; QQDownload 661; .NET CLR 1.1.4322; .NET CLR 3.0.04506.648; .NET CLR 3.5.21022; InfoPath.2; .NET CLR 3.0.4506.2152; .NET CLR 3.5.30729; .NET CLR 2.0.50727)

[log]
type = 0
time = 2010-09-11 14:21:27.104
host = http://localhost:8091/Admin/LeftFrame.aspx?lang=2
description = System.NullReferenceException: 未将对象引用设置到对象的实例。
   在 Eisp.Web.Admin.LeftFrame.Page_Load(Object sender, EventArgs e) 位置 E:\个人\电子商务\企业网站\代码\eisp_web\Admin\LeftFrame.aspx.cs:行号 19
   在 System.Web.Util.CalliHelper.EventArgFunctionCaller(IntPtr fp, Object o, Object t, EventArgs e)
   在 System.Web.Util.CalliEventHandlerDelegateProxy.Callback(Object sender, EventArgs e)
   在 System.Web.UI.Control.OnLoad(EventArgs e)
   在 Eisp.Common.CommonPage.OnLoad(EventArgs e) 位置 E:\个人\电子商务\企业网站\代码\eisp_common\CommonPage.cs:行号 67
resource = 
method = GET
postdata = didn't record
cookie = ASP.NET_SessionId=hk5njh45dhu44s55ghvomtu3; CheckCode=B8804; Colo=sessionname=admin&pass=7fef6171469e80d32c0559f88b377245&au=0; CKFinder_Path=Images%3A%2F%3A0
ip = 127.0.0.1
agent = Mozilla/4.0 (compatible; MSIE 8.0; Windows NT 5.2; Trident/4.0; MathPlayer 2.10d; QQDownload 661; .NET CLR 1.1.4322; .NET CLR 3.0.04506.648; .NET CLR 3.5.21022; InfoPath.2; .NET CLR 3.0.4506.2152; .NET CLR 3.5.30729; .NET CLR 2.0.50727)

[log]
type = 0
time = 2010-09-11 14:22:55.198
host = http://localhost:8091/Admin/LeftFrame.aspx?lang=
description = System.NullReferenceException: 未将对象引用设置到对象的实例。
   在 Eisp.Web.Admin.LeftFrame.Page_Load(Object sender, EventArgs e) 位置 E:\个人\电子商务\企业网站\代码\eisp_web\Admin\LeftFrame.aspx.cs:行号 19
   在 System.Web.Util.CalliHelper.EventArgFunctionCaller(IntPtr fp, Object o, Object t, EventArgs e)
   在 System.Web.Util.CalliEventHandlerDelegateProxy.Callback(Object sender, EventArgs e)
   在 System.Web.UI.Control.OnLoad(EventArgs e)
   在 Eisp.Common.CommonPage.OnLoad(EventArgs e) 位置 E:\个人\电子商务\企业网站\代码\eisp_common\CommonPage.cs:行号 67
resource = 
method = GET
postdata = didn't record
cookie = ASP.NET_SessionId=hk5njh45dhu44s55ghvomtu3; CheckCode=46X4X; CKFinder_Path=Images%3A%2F%3A0; Colo=sessionname=admin&pass=7fef6171469e80d32c0559f88b377245&au=0
ip = 127.0.0.1
agent = Mozilla/4.0 (compatible; MSIE 8.0; Windows NT 5.2; Trident/4.0; MathPlayer 2.10d; QQDownload 661; .NET CLR 1.1.4322; .NET CLR 3.0.04506.648; .NET CLR 3.5.21022; InfoPath.2; .NET CLR 3.0.4506.2152; .NET CLR 3.5.30729; .NET CLR 2.0.50727)

[log]
type = 0
time = 2010-09-11 14:23:46.573
host = http://localhost:8091/Admin/LeftFrame.aspx?lang=
description = System.NullReferenceException: 未将对象引用设置到对象的实例。
   在 Eisp.Web.Admin.LeftFrame.Page_Load(Object sender, EventArgs e) 位置 E:\个人\电子商务\企业网站\代码\eisp_web\Admin\LeftFrame.aspx.cs:行号 19
   在 System.Web.Util.CalliHelper.EventArgFunctionCaller(IntPtr fp, Object o, Object t, EventArgs e)
   在 System.Web.Util.CalliEventHandlerDelegateProxy.Callback(Object sender, EventArgs e)
   在 System.Web.UI.Control.OnLoad(EventArgs e)
   在 Eisp.Common.CommonPage.OnLoad(EventArgs e) 位置 E:\个人\电子商务\企业网站\代码\eisp_common\CommonPage.cs:行号 67
resource = 
method = GET
postdata = didn't record
cookie = ASP.NET_SessionId=hk5njh45dhu44s55ghvomtu3; CheckCode=46X4X; CKFinder_Path=Images%3A%2F%3A0; Colo=sessionname=admin&pass=7fef6171469e80d32c0559f88b377245&au=0
ip = 127.0.0.1
agent = Mozilla/4.0 (compatible; MSIE 8.0; Windows NT 5.2; Trident/4.0; MathPlayer 2.10d; QQDownload 661; .NET CLR 1.1.4322; .NET CLR 3.0.04506.648; .NET CLR 3.5.21022; InfoPath.2; .NET CLR 3.0.4506.2152; .NET CLR 3.5.30729; .NET CLR 2.0.50727)

[log]
type = 0
time = 2010-09-11 14:24:12.448
host = http://localhost:8091/Admin/LeftFrame.aspx?lang=
description = System.NullReferenceException: 未将对象引用设置到对象的实例。
   在 Eisp.Web.Admin.LeftFrame.Page_Load(Object sender, EventArgs e) 位置 E:\个人\电子商务\企业网站\代码\eisp_web\Admin\LeftFrame.aspx.cs:行号 19
   在 System.Web.Util.CalliHelper.EventArgFunctionCaller(IntPtr fp, Object o, Object t, EventArgs e)
   在 System.Web.Util.CalliEventHandlerDelegateProxy.Callback(Object sender, EventArgs e)
   在 System.Web.UI.Control.OnLoad(EventArgs e)
   在 Eisp.Common.CommonPage.OnLoad(EventArgs e) 位置 E:\个人\电子商务\企业网站\代码\eisp_common\CommonPage.cs:行号 67
resource = 
method = GET
postdata = didn't record
cookie = ASP.NET_SessionId=hk5njh45dhu44s55ghvomtu3; CheckCode=46X4X; CKFinder_Path=Images%3A%2F%3A0; Colo=sessionname=admin&pass=7fef6171469e80d32c0559f88b377245&au=0
ip = 127.0.0.1
agent = Mozilla/4.0 (compatible; MSIE 8.0; Windows NT 5.2; Trident/4.0; MathPlayer 2.10d; QQDownload 661; .NET CLR 1.1.4322; .NET CLR 3.0.04506.648; .NET CLR 3.5.21022; InfoPath.2; .NET CLR 3.0.4506.2152; .NET CLR 3.5.30729; .NET CLR 2.0.50727)

[log]
type = 0
time = 2010-09-11 14:24:14.213
host = http://localhost:8091/Admin/LeftFrame.aspx?lang=
description = System.NullReferenceException: 未将对象引用设置到对象的实例。
   在 Eisp.Web.Admin.LeftFrame.Page_Load(Object sender, EventArgs e) 位置 E:\个人\电子商务\企业网站\代码\eisp_web\Admin\LeftFrame.aspx.cs:行号 19
   在 System.Web.Util.CalliHelper.EventArgFunctionCaller(IntPtr fp, Object o, Object t, EventArgs e)
   在 System.Web.Util.CalliEventHandlerDelegateProxy.Callback(Object sender, EventArgs e)
   在 System.Web.UI.Control.OnLoad(EventArgs e)
   在 Eisp.Common.CommonPage.OnLoad(EventArgs e) 位置 E:\个人\电子商务\企业网站\代码\eisp_common\CommonPage.cs:行号 67
resource = 
method = GET
postdata = didn't record
cookie = ASP.NET_SessionId=hk5njh45dhu44s55ghvomtu3; CheckCode=46X4X; CKFinder_Path=Images%3A%2F%3A0; Colo=sessionname=admin&pass=7fef6171469e80d32c0559f88b377245&au=0
ip = 127.0.0.1
agent = Mozilla/4.0 (compatible; MSIE 8.0; Windows NT 5.2; Trident/4.0; MathPlayer 2.10d; QQDownload 661; .NET CLR 1.1.4322; .NET CLR 3.0.04506.648; .NET CLR 3.5.21022; InfoPath.2; .NET CLR 3.0.4506.2152; .NET CLR 3.5.30729; .NET CLR 2.0.50727)

[log]
type = 0
time = 2010-09-11 14:25:09.604
host = http://localhost:8091/Admin/LeftFrame.aspx?lang=
description = System.NullReferenceException: 未将对象引用设置到对象的实例。
   在 Eisp.Web.Admin.LeftFrame.Page_Load(Object sender, EventArgs e) 位置 E:\个人\电子商务\企业网站\代码\eisp_web\Admin\LeftFrame.aspx.cs:行号 19
   在 System.Web.Util.CalliHelper.EventArgFunctionCaller(IntPtr fp, Object o, Object t, EventArgs e)
   在 System.Web.Util.CalliEventHandlerDelegateProxy.Callback(Object sender, EventArgs e)
   在 System.Web.UI.Control.OnLoad(EventArgs e)
   在 Eisp.Common.CommonPage.OnLoad(EventArgs e) 位置 E:\个人\电子商务\企业网站\代码\eisp_common\CommonPage.cs:行号 67
resource = 
method = GET
postdata = didn't record
cookie = ASP.NET_SessionId=hk5njh45dhu44s55ghvomtu3; CheckCode=46X4X; CKFinder_Path=Images%3A%2F%3A0; Colo=sessionname=admin&pass=7fef6171469e80d32c0559f88b377245&au=0
ip = 127.0.0.1
agent = Mozilla/4.0 (compatible; MSIE 8.0; Windows NT 5.2; Trident/4.0; MathPlayer 2.10d; QQDownload 661; .NET CLR 1.1.4322; .NET CLR 3.0.04506.648; .NET CLR 3.5.21022; InfoPath.2; .NET CLR 3.0.4506.2152; .NET CLR 3.5.30729; .NET CLR 2.0.50727)

[log]
type = 0
time = 2010-09-11 14:25:13.166
host = http://localhost:8091/Admin/LeftFrame.aspx?lang=
description = System.NullReferenceException: 未将对象引用设置到对象的实例。
   在 Eisp.Web.Admin.LeftFrame.Page_Load(Object sender, EventArgs e) 位置 E:\个人\电子商务\企业网站\代码\eisp_web\Admin\LeftFrame.aspx.cs:行号 19
   在 System.Web.Util.CalliHelper.EventArgFunctionCaller(IntPtr fp, Object o, Object t, EventArgs e)
   在 System.Web.Util.CalliEventHandlerDelegateProxy.Callback(Object sender, EventArgs e)
   在 System.Web.UI.Control.OnLoad(EventArgs e)
   在 Eisp.Common.CommonPage.OnLoad(EventArgs e) 位置 E:\个人\电子商务\企业网站\代码\eisp_common\CommonPage.cs:行号 67
resource = 
method = GET
postdata = didn't record
cookie = ASP.NET_SessionId=hk5njh45dhu44s55ghvomtu3; CheckCode=46X4X; CKFinder_Path=Images%3A%2F%3A0; Colo=sessionname=admin&pass=7fef6171469e80d32c0559f88b377245&au=0
ip = 127.0.0.1
agent = Mozilla/4.0 (compatible; MSIE 8.0; Windows NT 5.2; Trident/4.0; MathPlayer 2.10d; QQDownload 661; .NET CLR 1.1.4322; .NET CLR 3.0.04506.648; .NET CLR 3.5.21022; InfoPath.2; .NET CLR 3.0.4506.2152; .NET CLR 3.5.30729; .NET CLR 2.0.50727)

[log]
type = 0
time = 2010-09-11 14:25:47.635
host = http://localhost:8091/Admin/LeftFrame.aspx?lang=
description = System.NullReferenceException: 未将对象引用设置到对象的实例。
   在 Eisp.Web.Admin.LeftFrame.Page_Load(Object sender, EventArgs e) 位置 E:\个人\电子商务\企业网站\代码\eisp_web\Admin\LeftFrame.aspx.cs:行号 19
   在 System.Web.Util.CalliHelper.EventArgFunctionCaller(IntPtr fp, Object o, Object t, EventArgs e)
   在 System.Web.Util.CalliEventHandlerDelegateProxy.Callback(Object sender, EventArgs e)
   在 System.Web.UI.Control.OnLoad(EventArgs e)
   在 Eisp.Common.CommonPage.OnLoad(EventArgs e) 位置 E:\个人\电子商务\企业网站\代码\eisp_common\CommonPage.cs:行号 67
resource = 
method = GET
postdata = didn't record
cookie = ASP.NET_SessionId=hk5njh45dhu44s55ghvomtu3; CheckCode=46X4X; CKFinder_Path=Images%3A%2F%3A0; Colo=sessionname=admin&pass=7fef6171469e80d32c0559f88b377245&au=0
ip = 127.0.0.1
agent = Mozilla/4.0 (compatible; MSIE 8.0; Windows NT 5.2; Trident/4.0; MathPlayer 2.10d; QQDownload 661; .NET CLR 1.1.4322; .NET CLR 3.0.04506.648; .NET CLR 3.5.21022; InfoPath.2; .NET CLR 3.0.4506.2152; .NET CLR 3.5.30729; .NET CLR 2.0.50727)

[log]
type = 0
time = 2010-09-11 14:26:25.260
host = http://localhost:8091/Admin/leftframe.aspx
description = System.NullReferenceException: 未将对象引用设置到对象的实例。
   在 Eisp.Web.Admin.LeftFrame.Page_Load(Object sender, EventArgs e) 位置 E:\个人\电子商务\企业网站\代码\eisp_web\Admin\LeftFrame.aspx.cs:行号 19
   在 System.Web.Util.CalliHelper.EventArgFunctionCaller(IntPtr fp, Object o, Object t, EventArgs e)
   在 System.Web.Util.CalliEventHandlerDelegateProxy.Callback(Object sender, EventArgs e)
   在 System.Web.UI.Control.OnLoad(EventArgs e)
   在 Eisp.Common.CommonPage.OnLoad(EventArgs e) 位置 E:\个人\电子商务\企业网站\代码\eisp_common\CommonPage.cs:行号 67
resource = 
method = GET
postdata = didn't record
cookie = ASP.NET_SessionId=hk5njh45dhu44s55ghvomtu3; CheckCode=46X4X; CKFinder_Path=Images%3A%2F%3A0; Colo=sessionname=admin&pass=7fef6171469e80d32c0559f88b377245&au=0
ip = 127.0.0.1
agent = Mozilla/4.0 (compatible; MSIE 8.0; Windows NT 5.2; Trident/4.0; MathPlayer 2.10d; QQDownload 661; .NET CLR 1.1.4322; .NET CLR 3.0.04506.648; .NET CLR 3.5.21022; InfoPath.2; .NET CLR 3.0.4506.2152; .NET CLR 3.5.30729; .NET CLR 2.0.50727)

[log]
type = 0
time = 2010-09-11 14:28:37.510
host = http://localhost:8091/Admin/leftframe.aspx
description = System.NullReferenceException: 未将对象引用设置到对象的实例。
   在 Eisp.Web.Admin.LeftFrame.Page_Load(Object sender, EventArgs e) 位置 E:\个人\电子商务\企业网站\代码\eisp_web\Admin\LeftFrame.aspx.cs:行号 19
   在 System.Web.Util.CalliHelper.EventArgFunctionCaller(IntPtr fp, Object o, Object t, EventArgs e)
   在 System.Web.Util.CalliEventHandlerDelegateProxy.Callback(Object sender, EventArgs e)
   在 System.Web.UI.Control.OnLoad(EventArgs e)
   在 Eisp.Common.CommonPage.OnLoad(EventArgs e) 位置 E:\个人\电子商务\企业网站\代码\eisp_common\CommonPage.cs:行号 67
resource = 
method = GET
postdata = didn't record
cookie = ASP.NET_SessionId=hk5njh45dhu44s55ghvomtu3; CheckCode=46X4X; CKFinder_Path=Images%3A%2F%3A0; Colo=sessionname=admin&pass=7fef6171469e80d32c0559f88b377245&au=0
ip = 127.0.0.1
agent = Mozilla/4.0 (compatible; MSIE 8.0; Windows NT 5.2; Trident/4.0; MathPlayer 2.10d; QQDownload 661; .NET CLR 1.1.4322; .NET CLR 3.0.04506.648; .NET CLR 3.5.21022; InfoPath.2; .NET CLR 3.0.4506.2152; .NET CLR 3.5.30729; .NET CLR 2.0.50727)

[log]
type = 0
time = 2010-09-11 14:28:55.698
host = http://localhost:8091/Admin/leftframe.aspx
description = System.NullReferenceException: 未将对象引用设置到对象的实例。
   在 Eisp.Web.Admin.LeftFrame.Page_Load(Object sender, EventArgs e) 位置 E:\个人\电子商务\企业网站\代码\eisp_web\Admin\LeftFrame.aspx.cs:行号 19
   在 System.Web.Util.CalliHelper.EventArgFunctionCaller(IntPtr fp, Object o, Object t, EventArgs e)
   在 System.Web.Util.CalliEventHandlerDelegateProxy.Callback(Object sender, EventArgs e)
   在 System.Web.UI.Control.OnLoad(EventArgs e)
   在 Eisp.Common.CommonPage.OnLoad(EventArgs e) 位置 E:\个人\电子商务\企业网站\代码\eisp_common\CommonPage.cs:行号 67
resource = 
method = GET
postdata = didn't record
cookie = ASP.NET_SessionId=hk5njh45dhu44s55ghvomtu3; CheckCode=46X4X; CKFinder_Path=Images%3A%2F%3A0; Colo=sessionname=admin&pass=7fef6171469e80d32c0559f88b377245&au=0
ip = 127.0.0.1
agent = Mozilla/4.0 (compatible; MSIE 8.0; Windows NT 5.2; Trident/4.0; MathPlayer 2.10d; QQDownload 661; .NET CLR 1.1.4322; .NET CLR 3.0.04506.648; .NET CLR 3.5.21022; InfoPath.2; .NET CLR 3.0.4506.2152; .NET CLR 3.5.30729; .NET CLR 2.0.50727)

[log]
type = 0
time = 2010-09-11 14:30:24.557
host = http://localhost:8091/Admin/leftframe.aspx
description = System.NullReferenceException: 未将对象引用设置到对象的实例。
   在 Eisp.Web.Admin.LeftFrame.Page_Load(Object sender, EventArgs e) 位置 E:\个人\电子商务\企业网站\代码\eisp_web\Admin\LeftFrame.aspx.cs:行号 19
   在 System.Web.Util.CalliHelper.EventArgFunctionCaller(IntPtr fp, Object o, Object t, EventArgs e)
   在 System.Web.Util.CalliEventHandlerDelegateProxy.Callback(Object sender, EventArgs e)
   在 System.Web.UI.Control.OnLoad(EventArgs e)
   在 Eisp.Common.CommonPage.OnLoad(EventArgs e) 位置 E:\个人\电子商务\企业网站\代码\eisp_common\CommonPage.cs:行号 67
resource = 
method = GET
postdata = didn't record
cookie = ASP.NET_SessionId=hk5njh45dhu44s55ghvomtu3; CheckCode=46X4X; CKFinder_Path=Images%3A%2F%3A0; Colo=sessionname=admin&pass=7fef6171469e80d32c0559f88b377245&au=0
ip = 127.0.0.1
agent = Mozilla/4.0 (compatible; MSIE 8.0; Windows NT 5.2; Trident/4.0; MathPlayer 2.10d; QQDownload 661; .NET CLR 1.1.4322; .NET CLR 3.0.04506.648; .NET CLR 3.5.21022; InfoPath.2; .NET CLR 3.0.4506.2152; .NET CLR 3.5.30729; .NET CLR 2.0.50727)

[log]
type = 0
time = 2010-09-11 14:30:30.948
host = http://localhost:8091/Admin/leftframe.aspx
description = System.NullReferenceException: 未将对象引用设置到对象的实例。
   在 Eisp.Web.Admin.LeftFrame.Page_Load(Object sender, EventArgs e) 位置 E:\个人\电子商务\企业网站\代码\eisp_web\Admin\LeftFrame.aspx.cs:行号 19
   在 System.Web.Util.CalliHelper.EventArgFunctionCaller(IntPtr fp, Object o, Object t, EventArgs e)
   在 System.Web.Util.CalliEventHandlerDelegateProxy.Callback(Object sender, EventArgs e)
   在 System.Web.UI.Control.OnLoad(EventArgs e)
   在 Eisp.Common.CommonPage.OnLoad(EventArgs e) 位置 E:\个人\电子商务\企业网站\代码\eisp_common\CommonPage.cs:行号 67
resource = 
method = GET
postdata = didn't record
cookie = ASP.NET_SessionId=hk5njh45dhu44s55ghvomtu3; CheckCode=46X4X; CKFinder_Path=Images%3A%2F%3A0; Colo=sessionname=admin&pass=7fef6171469e80d32c0559f88b377245&au=0
ip = 127.0.0.1
agent = Mozilla/4.0 (compatible; MSIE 8.0; Windows NT 5.2; Trident/4.0; MathPlayer 2.10d; QQDownload 661; .NET CLR 1.1.4322; .NET CLR 3.0.04506.648; .NET CLR 3.5.21022; InfoPath.2; .NET CLR 3.0.4506.2152; .NET CLR 3.5.30729; .NET CLR 2.0.50727)

